This is TeX, Version 3.14159265 (TeX Live 2015/Debian) (preloaded format=tex 2016.1.24)  19 FEB 2016 14:02
**POOnotes.tex
(./POOnotes.tex
! Undefined control sequence.
l.1 \documentclass
                  []{article}
? 
! Undefined control sequence.
l.2 \usepackage
               {lmodern}
? 
! Undefined control sequence.
l.3 \usepackage
               {amssymb,amsmath}
? 
! Undefined control sequence.
l.4 \usepackage
               {ifxetex,ifluatex}
? 
! Undefined control sequence.
l.5 \usepackage
               {fixltx2e} % provides \textsubscript
? 
! Undefined control sequence.
l.6 \ifnum 0\ifxetex
                     1\fi\ifluatex 1\fi=0 % if pdftex
? 
! Missing = inserted for \ifnum.
<to be read again> 
                   \relax 
<to be read again> 
                   \fi 
l.6 \ifnum 0\ifxetex 1\fi
                         \ifluatex 1\fi=0 % if pdftex
? 
! Missing number, treated as zero.
<to be read again> 
                   \relax 
<to be read again> 
                   \fi 
l.6 \ifnum 0\ifxetex 1\fi
                         \ifluatex 1\fi=0 % if pdftex
? 
! Undefined control sequence.
l.6 \ifnum 0\ifxetex 1\fi\ifluatex
                                   1\fi=0 % if pdftex
? 
! Extra \fi.
l.6 \ifnum 0\ifxetex 1\fi\ifluatex 1\fi
                                       =0 % if pdftex
? 
! Undefined control sequence.
l.7   \usepackage
                 [T1]{fontenc}
? 
! Undefined control sequence.
l.8   \usepackage
                 [utf8]{inputenc}
? 
! Extra \else.
l.9 \else
          % if luatex or xelatex
? 
! Undefined control sequence.
l.10   \ifxetex
               
? 
! Undefined control sequence.
l.11     \usepackage
                    {mathspec}
? 
! Undefined control sequence.
l.12     \usepackage
                    {xltxtra,xunicode}
? 
! Extra \else.
l.13   \else
            
? 
! Undefined control sequence.
l.14     \usepackage
                    {fontspec}
? 
! Extra \fi.
l.15   \fi
          
? 
! Undefined control sequence.
l.16   \defaultfontfeatures
                           {Mapping=tex-text,Scale=MatchLowercase}
? 
! Undefined control sequence.
l.17   \newcommand
                  {\euro}{^^e2^^82^^ac}
? 
! Undefined control sequence.
l.17   \newcommand{\euro
                        }{^^e2^^82^^ac}
? 
Missing character: There is no ^^e2 in font cmr10!
Missing character: There is no ^^82 in font cmr10!
Missing character: There is no ^^ac in font cmr10!
! Extra \fi.
l.18 \fi
        
? 
! Undefined control sequence.
l.20 \IfFileExists
                  {upquote.sty}{\usepackage{upquote}}{}
? 
! Undefined control sequence.
l.20 \IfFileExists{upquote.sty}{\usepackage
                                           {upquote}}{}
? 
! Undefined control sequence.
l.22 \IfFileExists
                  {microtype.sty}{%
? 
! Undefined control sequence.
l.23 \usepackage
                {microtype}
? 
! Undefined control sequence.
l.24 \UseMicrotypeSet
                     [protrusion]{basicmath} % disable protrusion for tt fonts
? 
! Undefined control sequence.
l.26 \usepackage
                {color}
? 
! Undefined control sequence.
l.27 \usepackage
                {fancyvrb}
? 
! Undefined control sequence.
l.28 \newcommand
                {\VerbBar}{|}
? 
! Undefined control sequence.
l.28 \newcommand{\VerbBar
                         }{|}
? 
! Undefined control sequence.
l.29 \newcommand
                {\VERB}{\Verb[commandchars=\\\{\}]}
? 
! Undefined control sequence.
l.29 \newcommand{\VERB
                      }{\Verb[commandchars=\\\{\}]}
? 
! Undefined control sequence.
l.29 \newcommand{\VERB}{\Verb
                             [commandchars=\\\{\}]}
? 
! Argument of \\ has an extra }.
<inserted text> 
                \par 
<to be read again> 
                   }
l.29 ...command{\VERB}{\Verb[commandchars=\\\{\}]}
                                                  
? 
Runaway argument?
\{\}]
! Paragraph ended before \\ was complete.
<to be read again> 
                   \par 
<to be read again> 
                   }
l.29 ...command{\VERB}{\Verb[commandchars=\\\{\}]}
                                                  
? 

Overfull \hbox (24.05164pt too wide) in paragraph at lines 1--29
\tenrm xltx-tra,xunicode fontspec Mapping=tex-text,Scale=MatchLowercase  up-quo
te.styupquote mi-crotype.stymicrotype|

\hbox(6.94444+1.94444)x469.75499, glue set - 1.0
.\tenrm x
.\tenrm l
.\tenrm t
.\tenrm x
.\discretionary
..\tenrm -
.etc.

! Undefined control sequence.
l.30 \DefineVerbatimEnvironment
                               {Highlighting}{Verbatim}{commandchars=\\\{\}}
? 
! Argument of \\ has an extra }.
<inserted text> 
                \par 
<to be read again> 
                   }
l.30 ...ghlighting}{Verbatim}{commandchars=\\\{\}}
                                                  
? 
Runaway argument?
\{\}
! Paragraph ended before \\ was complete.
<to be read again> 
                   \par 
<to be read again> 
                   }
l.30 ...ghlighting}{Verbatim}{commandchars=\\\{\}}
                                                  
? 
! Undefined control sequence.
l.32 \newenvironment
                    {Shaded}{}{}
? 
! Undefined control sequence.
l.33 \newcommand
                {\KeywordTok}[1]{\textcolor[rgb]{0.00,0.44,0.13}{\textbf{{#1...

? 
! Undefined control sequence.
l.33 \newcommand{\KeywordTok
                            }[1]{\textcolor[rgb]{0.00,0.44,0.13}{\textbf{{#1...

? 
! Undefined control sequence.
l.33 \newcommand{\KeywordTok}[1]{\textcolor
                                           [rgb]{0.00,0.44,0.13}{\textbf{{#1...

? 
! Undefined control sequence.
l.33 ...1]{\textcolor[rgb]{0.00,0.44,0.13}{\textbf
                                                  {{#1}}}}
? 
! You can't use `macro parameter character #' in horizontal mode.
l.33 ...\textcolor[rgb]{0.00,0.44,0.13}{\textbf{{#
                                                  1}}}}
? 
! Undefined control sequence.
l.34 \newcommand
                {\DataTypeTok}[1]{\textcolor[rgb]{0.56,0.13,0.00}{{#1}}}
? 
! Undefined control sequence.
l.34 \newcommand{\DataTypeTok
                             }[1]{\textcolor[rgb]{0.56,0.13,0.00}{{#1}}}
? 
! Undefined control sequence.
l.34 \newcommand{\DataTypeTok}[1]{\textcolor
                                            [rgb]{0.56,0.13,0.00}{{#1}}}
? 
! You can't use `macro parameter character #' in horizontal mode.
l.34 ...Tok}[1]{\textcolor[rgb]{0.56,0.13,0.00}{{#
                                                  1}}}
? 
! Undefined control sequence.
l.35 \newcommand
                {\DecValTok}[1]{\textcolor[rgb]{0.25,0.63,0.44}{{#1}}}
? 
! Undefined control sequence.
l.35 \newcommand{\DecValTok
                           }[1]{\textcolor[rgb]{0.25,0.63,0.44}{{#1}}}
? 
! Undefined control sequence.
l.35 \newcommand{\DecValTok}[1]{\textcolor
                                          [rgb]{0.25,0.63,0.44}{{#1}}}
? 
! You can't use `macro parameter character #' in horizontal mode.
l.35 ...Tok}[1]{\textcolor[rgb]{0.25,0.63,0.44}{{#
                                                  1}}}
? 
! Undefined control sequence.
l.36 \newcommand
                {\BaseNTok}[1]{\textcolor[rgb]{0.25,0.63,0.44}{{#1}}}
? 
! Undefined control sequence.
l.36 \newcommand{\BaseNTok
                          }[1]{\textcolor[rgb]{0.25,0.63,0.44}{{#1}}}
? 
! Undefined control sequence.
l.36 \newcommand{\BaseNTok}[1]{\textcolor
                                         [rgb]{0.25,0.63,0.44}{{#1}}}
? 
! You can't use `macro parameter character #' in horizontal mode.
l.36 ...Tok}[1]{\textcolor[rgb]{0.25,0.63,0.44}{{#
                                                  1}}}
? 
! Undefined control sequence.
l.37 \newcommand
                {\FloatTok}[1]{\textcolor[rgb]{0.25,0.63,0.44}{{#1}}}
? 
! Undefined control sequence.
l.37 \newcommand{\FloatTok
                          }[1]{\textcolor[rgb]{0.25,0.63,0.44}{{#1}}}
? 
! Undefined control sequence.
l.37 \newcommand{\FloatTok}[1]{\textcolor
                                         [rgb]{0.25,0.63,0.44}{{#1}}}
? 
! You can't use `macro parameter character #' in horizontal mode.
l.37 ...Tok}[1]{\textcolor[rgb]{0.25,0.63,0.44}{{#
                                                  1}}}
? 
! Undefined control sequence.
l.38 \newcommand
                {\CharTok}[1]{\textcolor[rgb]{0.25,0.44,0.63}{{#1}}}
? 
! Undefined control sequence.
l.38 \newcommand{\CharTok
                         }[1]{\textcolor[rgb]{0.25,0.44,0.63}{{#1}}}
? 
! Undefined control sequence.
l.38 \newcommand{\CharTok}[1]{\textcolor
                                        [rgb]{0.25,0.44,0.63}{{#1}}}
? 
! You can't use `macro parameter character #' in horizontal mode.
l.38 ...Tok}[1]{\textcolor[rgb]{0.25,0.44,0.63}{{#
                                                  1}}}
? 
! Undefined control sequence.
l.39 \newcommand
                {\StringTok}[1]{\textcolor[rgb]{0.25,0.44,0.63}{{#1}}}
? 
! Undefined control sequence.
l.39 \newcommand{\StringTok
                           }[1]{\textcolor[rgb]{0.25,0.44,0.63}{{#1}}}
? 
! Undefined control sequence.
l.39 \newcommand{\StringTok}[1]{\textcolor
                                          [rgb]{0.25,0.44,0.63}{{#1}}}
? 
! You can't use `macro parameter character #' in horizontal mode.
l.39 ...Tok}[1]{\textcolor[rgb]{0.25,0.44,0.63}{{#
                                                  1}}}
? 
! Undefined control sequence.
l.40 \newcommand
                {\CommentTok}[1]{\textcolor[rgb]{0.38,0.63,0.69}{\textit{{#1...

? 
! Undefined control sequence.
l.40 \newcommand{\CommentTok
                            }[1]{\textcolor[rgb]{0.38,0.63,0.69}{\textit{{#1...

? 
! Undefined control sequence.
l.40 \newcommand{\CommentTok}[1]{\textcolor
                                           [rgb]{0.38,0.63,0.69}{\textit{{#1...

? 
! Undefined control sequence.
l.40 ...1]{\textcolor[rgb]{0.38,0.63,0.69}{\textit
                                                  {{#1}}}}
? 
! You can't use `macro parameter character #' in horizontal mode.
l.40 ...\textcolor[rgb]{0.38,0.63,0.69}{\textit{{#
                                                  1}}}}
? 
! Undefined control sequence.
l.41 \newcommand
                {\OtherTok}[1]{\textcolor[rgb]{0.00,0.44,0.13}{{#1}}}
? 
! Undefined control sequence.
l.41 \newcommand{\OtherTok
                          }[1]{\textcolor[rgb]{0.00,0.44,0.13}{{#1}}}
? 
! Undefined control sequence.
l.41 \newcommand{\OtherTok}[1]{\textcolor
                                         [rgb]{0.00,0.44,0.13}{{#1}}}
? 
! You can't use `macro parameter character #' in horizontal mode.
l.41 ...Tok}[1]{\textcolor[rgb]{0.00,0.44,0.13}{{#
                                                  1}}}
? 
! Undefined control sequence.
l.42 \newcommand
                {\AlertTok}[1]{\textcolor[rgb]{1.00,0.00,0.00}{\textbf{{#1}}}}
? 
! Undefined control sequence.
l.42 \newcommand{\AlertTok
                          }[1]{\textcolor[rgb]{1.00,0.00,0.00}{\textbf{{#1}}}}
? 
! Undefined control sequence.
l.42 \newcommand{\AlertTok}[1]{\textcolor
                                         [rgb]{1.00,0.00,0.00}{\textbf{{#1}}}}
? 
! Undefined control sequence.
l.42 ...1]{\textcolor[rgb]{1.00,0.00,0.00}{\textbf
                                                  {{#1}}}}
? 
! You can't use `macro parameter character #' in horizontal mode.
l.42 ...\textcolor[rgb]{1.00,0.00,0.00}{\textbf{{#
                                                  1}}}}
? 
! Undefined control sequence.
l.43 \newcommand
                {\FunctionTok}[1]{\textcolor[rgb]{0.02,0.16,0.49}{{#1}}}
? 
! Undefined control sequence.
l.43 \newcommand{\FunctionTok
                             }[1]{\textcolor[rgb]{0.02,0.16,0.49}{{#1}}}
? 
! Undefined control sequence.
l.43 \newcommand{\FunctionTok}[1]{\textcolor
                                            [rgb]{0.02,0.16,0.49}{{#1}}}
? 
! You can't use `macro parameter character #' in horizontal mode.
l.43 ...Tok}[1]{\textcolor[rgb]{0.02,0.16,0.49}{{#
                                                  1}}}
? 
! Undefined control sequence.
l.44 \newcommand
                {\RegionMarkerTok}[1]{{#1}}
? 
! Undefined control sequence.
l.44 \newcommand{\RegionMarkerTok
                                 }[1]{{#1}}
? 
! You can't use `macro parameter character #' in horizontal mode.
l.44 \newcommand{\RegionMarkerTok}[1]{{#
                                        1}}
? 
! Undefined control sequence.
l.45 \newcommand
                {\ErrorTok}[1]{\textcolor[rgb]{1.00,0.00,0.00}{\textbf{{#1}}}}
? 
! Undefined control sequence.
l.45 \newcommand{\ErrorTok
                          }[1]{\textcolor[rgb]{1.00,0.00,0.00}{\textbf{{#1}}}}
? 
! Undefined control sequence.
l.45 \newcommand{\ErrorTok}[1]{\textcolor
                                         [rgb]{1.00,0.00,0.00}{\textbf{{#1}}}}
? 
! Undefined control sequence.
l.45 ...1]{\textcolor[rgb]{1.00,0.00,0.00}{\textbf
                                                  {{#1}}}}
? 
! You can't use `macro parameter character #' in horizontal mode.
l.45 ...\textcolor[rgb]{1.00,0.00,0.00}{\textbf{{#
                                                  1}}}}
? 
! Undefined control sequence.
l.46 \newcommand
                {\NormalTok}[1]{{#1}}
? 
! Undefined control sequence.
l.46 \newcommand{\NormalTok
                           }[1]{{#1}}
? 
! You can't use `macro parameter character #' in horizontal mode.
l.46 \newcommand{\NormalTok}[1]{{#
                                  1}}
? 
! Undefined control sequence.
l.47 \ifxetex
             
? 
! Undefined control sequence.
l.48   \usepackage
                  [setpagesize=false, % page size defined by xetex
? 
! Extra \else.
l.51 \else
          
? 
! Undefined control sequence.
l.52   \usepackage
                  [unicode=true]{hyperref}
? 
! Extra \fi.
l.53 \fi
        
? 
! Undefined control sequence.
l.54 \hypersetup
                {breaklinks=true,
? 
! Undefined control sequence.
l.63 \urlstyle
              {same}  % don't use monospace font for urls
? 
! Undefined control sequence.
l.64 \setlength
               {\parindent}{0pt}
? 
! Missing number, treated as zero.
<to be read again> 
                   }
l.64 \setlength{\parindent}
                           {0pt}
? 
! Illegal unit of measure (pt inserted).
<to be read again> 
                   }
l.64 \setlength{\parindent}
                           {0pt}
? 
! Undefined control sequence.
l.65 \setlength
               {\parskip}{6pt plus 2pt minus 1pt}
? 
! Missing number, treated as zero.
<to be read again> 
                   }
l.65 \setlength{\parskip}
                         {6pt plus 2pt minus 1pt}
? 
! Illegal unit of measure (pt inserted).
<to be read again> 
                   }
l.65 \setlength{\parskip}
                         {6pt plus 2pt minus 1pt}
? 
! Undefined control sequence.
l.66 \setlength
               {\emergencystretch}{3em}  % prevent overfull lines
? 
! Missing number, treated as zero.
<to be read again> 
                   }
l.66 \setlength{\emergencystretch}
                                  {3em}  % prevent overfull lines
? 
! Illegal unit of measure (pt inserted).
<to be read again> 
                   }
l.66 \setlength{\emergencystretch}
                                  {3em}  % prevent overfull lines
? 
! Undefined control sequence.
l.67 \setcounter
                {secnumdepth}{0}
? 

Overfull \hbox (65.38535pt too wide) in paragraph at lines 32--68
[]\tenrm Shaded [1][rgb]0.00,0.44,0.131 [1][rgb]0.56,0.13,0.001 [1][rgb]0.25,0.
63,0.441 [1][rgb]0.25,0.63,0.441 [1][rgb]0.25,0.63,0.441|

\hbox(7.5+2.5)x469.75499, glue set - 1.0
.\hbox(0.0+0.0)x20.0
.\tenrm S
.\tenrm h
.\tenrm a
.\tenrm d
.etc.


Overfull \hbox (11.49638pt too wide) in paragraph at lines 32--68
\tenrm [1][rgb]0.25,0.44,0.631 [1][rgb]0.25,0.44,0.631 [1][rgb]0.38,0.63,0.691 
[1][rgb]0.00,0.44,0.131 [1][rgb]1.00,0.00,0.001|

\hbox(7.5+2.5)x469.75499, glue set - 1.0
.\tenrm [
.\tenrm 1
.\tenrm ]
.\tenrm [
.\tenrm r
.etc.


Overfull \hbox (10.16284pt too wide) in paragraph at lines 32--68
\tenrm code=true]hyperref break-links=true, book-marks=true, pdfau-thor=, pdfti
-tle=, col-or-links=true, cite-color=blue,|

\hbox(7.5+2.5)x469.75499, glue set - 1.0
.\tenrm c
.\tenrm o
.\kern0.27779
.\tenrm d
.\tenrm e
.etc.

! Undefined control sequence.
l.69 \date
          {}
? 
! Undefined control sequence.
l.71 \begin
           {document}
? 
! Undefined control sequence.
l.73 \section
             {Programmation orient^^c3^^a9e
? 
Missing character: There is no ^^c3 in font cmr10!
Missing character: There is no ^^a9 in font cmr10!
! Undefined control sequence.
l.74 Objet}\label
                 {programmation-orientuxe9e-objet}
? 
! Undefined control sequence.
l.76 \begin
           {quote}
? 
[1] )
Output written on POOnotes.dvi (1 page, 1396 bytes).
